2018-09-29 09:01:48|   0.8|  0.8|INFORM|FME 2018.1.0.2 (20180903 - Build 18547 - WIN64)
2018-09-29 09:01:48|   0.8|  0.0|INFORM|FME_HOME is 'C:\Program Files\FME\'
2018-09-29 09:01:48|   0.8|  0.0|INFORM|FME Home Edition (node locked-crc)
2018-09-29 09:01:48|   0.8|  0.0|INFORM|Serial Number: 0
2018-09-29 09:01:48|   0.8|  0.0|INFORM|Temporary License: 355 days left.
2018-09-29 09:01:48|   0.8|  0.0|INFORM|Machine host name is: LAPTOP-A5RQONO3
2018-09-29 09:01:48|   0.8|  0.0|INFORM|START - ProcessID: 6720, peak process memory usage: 29112 kB, current process memory usage: 28980 kB
2018-09-29 09:01:48|   0.9|  0.0|INFORM|FME Configuration: Command line arguments are `C:\Program Files\FME\fme.exe' `C:/Users/willy/OneDrive/Documenten/Git/fme/agol-metadata\wb-xlate-1538204420535_21072' `LOG_STANDARDOUT' `YES' `LogCountServerName' `{893844ca-14db-4114-b381-ed66a06c2971}'
2018-09-29 09:01:48|   0.9|  0.0|INFORM|FME Configuration: Connection Storage: 'C:\Users\willy\AppData\Roaming\Safe Software\FME\'
2018-09-29 09:01:48|   1.0|  0.1|INFORM|Shared folders for formats are : C:\Program Files\FME\datasources;C:\Users\willy\OneDrive\Documenten\FME\Formats
2018-09-29 09:01:48|   1.0|  0.0|INFORM|Shared folders for transformers are : C:\Users\willy\AppData\Roaming\Safe Software\FME\Packages\18547-win64\transformers;C:\Program Files\FME\transformers;C:\Users\willy\OneDrive\Documenten\FME\Transformers
2018-09-29 09:01:48|   1.0|  0.0|INFORM|Shared folders for coordinate systems are : C:\Users\willy\OneDrive\Documenten\FME\CoordinateSystems
2018-09-29 09:01:48|   1.0|  0.0|INFORM|Shared folders for coordinate system exceptions are : C:\Users\willy\OneDrive\Documenten\FME\CoordinateSystemExceptions
2018-09-29 09:01:48|   1.0|  0.0|INFORM|Shared folders for coordinate system grid overrides are : C:\Users\willy\OneDrive\Documenten\FME\CoordinateSystemGridOverrides
2018-09-29 09:01:48|   1.0|  0.0|INFORM|Shared folders for CS-MAP transformation exceptions are : C:\Users\willy\OneDrive\Documenten\FME\CsmapTransformationExceptions
2018-09-29 09:01:48|   1.0|  0.0|INFORM|Shared folders for transformer categories are : C:\Users\willy\OneDrive\Documenten\FME\TransformerCategories
2018-09-29 09:01:48|   1.0|  0.0|INFORM|FME Configuration: Reader Keyword is `MULTI_READER'
2018-09-29 09:01:48|   1.0|  0.0|INFORM|FME Configuration: Writer Keyword is `NULL_DEST'
2018-09-29 09:01:48|   1.0|  0.0|INFORM|FME Configuration: Writer Group Definition Keyword is `NULL_DEST_DEF'
2018-09-29 09:01:48|   1.0|  0.0|INFORM|FME Configuration: Reader type is `MULTI_READER'
2018-09-29 09:01:48|   1.0|  0.0|INFORM|FME Configuration: Writer type is `NULL'
2018-09-29 09:01:48|   1.0|  0.0|INFORM|FME Configuration: No destination coordinate system set
2018-09-29 09:01:48|   1.0|  0.0|INFORM|FME Configuration: Current working folder is `C:\Users\willy\OneDrive\Documenten\Git\fme\agol-metadata'
2018-09-29 09:01:48|   1.0|  0.0|INFORM|FME Configuration: Temporary folder is `C:\Users\willy\AppData\Local\Temp', set from environment variable `TEMP'
2018-09-29 09:01:48|   1.0|  0.0|INFORM|FME Configuration: FME_HOME is `C:\Program Files\FME\'
2018-09-29 09:01:48|   1.0|  0.0|INFORM|FME Configuration: FME_BASE is 'no'
2018-09-29 09:01:48|   1.0|  0.0|INFORM|FME Configuration: FME_MF_DIR is 'C:\Users\willy\OneDrive\Documenten\Git\fme\agol-metadata/'
2018-09-29 09:01:48|   1.0|  0.0|INFORM|FME Configuration: FME_MF_NAME is 'agol-metadata.fmw'
2018-09-29 09:01:48|   1.0|  0.0|INFORM|FME Configuration: FME_PRODUCT_NAME is 'FME(R) 2018.1.0.2'
2018-09-29 09:01:48|   1.0|  0.0|INFORM|System Status: 891.56 GB of disk space available in the FME temporary folder (C:\Users\willy\AppData\Local\Temp)
2018-09-29 09:01:48|   1.0|  0.0|INFORM|System Status: 128.00 TB of virtual memory available
2018-09-29 09:01:48|   1.0|  0.0|INFORM|Operating System: Microsoft Windows 10 64-bit  (Build 17134)
2018-09-29 09:01:48|   1.0|  0.0|INFORM|FME Platform: WIN64
2018-09-29 09:01:48|   1.0|  0.0|INFORM|Locale: nl_NL
2018-09-29 09:01:48|   1.0|  0.0|INFORM|Code Page: 1252  (ANSI - Latijns I)
2018-09-29 09:01:48|   1.0|  0.0|INFORM|FME Configuration: Process limit is 15.85 GB of physical memory
2018-09-29 09:01:48|   1.0|  0.0|INFORM|FME Configuration: Start freeing memory when process usage exceeds 47.56 GB of virtual memory
2018-09-29 09:01:48|   1.0|  0.0|INFORM|FME Configuration: Stop freeing memory when process usage is below 35.67 GB of virtual memory
2018-09-29 09:01:48|   1.1|  0.1|INFORM|Creating writer for format: NULL (Nothing)
2018-09-29 09:01:48|   1.1|  0.0|INFORM|Trying to find a DYNAMIC plugin for writer named `NULL'
2018-09-29 09:01:49|   1.1|  0.0|INFORM|Loaded module 'NULL' from file 'C:\Program Files\FME\plugins/NULL.dll'
2018-09-29 09:01:49|   1.1|  0.0|INFORM|FME API version of module 'NULL' matches current internal version (3.8 20180604)
2018-09-29 09:01:49|   1.1|  0.0|INFORM|Creating reader for format: 
2018-09-29 09:01:49|   1.1|  0.0|INFORM|MULTI_READER(MULTI_READER): Will fail with first member reader failure
2018-09-29 09:01:49|   1.1|  0.0|INFORM|Using Multi Reader with keyword `MULTI_READER' to read multiple datasets
2018-09-29 09:01:49|   1.1|  0.0|INFORM|FME API version of module 'NULL' matches current internal version (3.8 20180604)
2018-09-29 09:01:49|   1.1|  0.0|INFORM|FME API version of module 'NULL' matches current internal version (3.8 20180604)
2018-09-29 09:01:49|   1.1|  0.0|INFORM|Loaded module 'Geometry_func' from file 'C:\Program Files\FME\plugins/Geometry_func.dll'
2018-09-29 09:01:49|   1.1|  0.0|INFORM|FME API version of module 'Geometry_func' matches current internal version (3.8 20180604)
2018-09-29 09:01:50|   1.1|  0.0|INFORM|Loaded module 'LogCount_func' from file 'C:\Program Files\FME\plugins/LogCount_func.dll'
2018-09-29 09:01:50|   1.1|  0.0|INFORM|FME API version of module 'LogCount_func' matches current internal version (3.8 20180604)
2018-09-29 09:01:50|   1.2|  0.0|INFORM|Loaded module 'HTTPFactory' from file 'C:\Program Files\FME\plugins/HTTPFactory.dll'
2018-09-29 09:01:50|   1.2|  0.0|INFORM|FME API version of module 'HTTPFactory' matches current internal version (3.8 20180604)
2018-09-29 09:01:51|   1.2|  0.0|INFORM|Loaded module 'JSONQueryFactory' from file 'C:\Program Files\FME\plugins/JSONQueryFactory.dll'
2018-09-29 09:01:51|   1.2|  0.0|INFORM|FME API version of module 'JSONQueryFactory' matches current internal version (3.8 20180604)
2018-09-29 09:01:51|   1.2|  0.0|INFORM|FME API version of module 'HTTPFactory' matches current internal version (3.8 20180604)
2018-09-29 09:01:52|   1.2|  0.0|INFORM|Loaded module 'InspectorFactory' from file 'C:\Program Files\FME\plugins/InspectorFactory.dll'
2018-09-29 09:01:52|   1.2|  0.0|INFORM|FME API version of module 'InspectorFactory' matches current internal version (3.8 20180604)
2018-09-29 09:01:52|   1.2|  0.0|INFORM|FME API version of module 'InspectorFactory' matches current internal version (3.8 20180604)
2018-09-29 09:01:52|   1.2|  0.0|INFORM|Emptying factory pipeline
2018-09-29 09:01:56|   1.3|  0.1|INFORM|HTTPCaller(HTTPFactory): HTTP/FTP Transfer: Downloading resource 'https://www.arcgis.com/sharing/rest/generateToken' to internal memory buffer
2018-09-29 09:01:56|   1.3|  0.0|INFORM|HTTPCaller(HTTPFactory): HTTP transfer summary - status code: 200, download size: '201 bytes', DNS lookup time: '0.188 seconds', total transfer time: '4.375 seconds', url: 'https://www.arcgis.com/sharing/rest/generateToken'
2018-09-29 09:02:00|   1.3|  0.0|INFORM|HTTPCaller_2(HTTPFactory): HTTP/FTP Transfer: Downloading resource 'https://www.arcgis.com/sharing/rest/content/users/wbakker/items/241ea5282bd64303ab2876f97d82aa30/update' to internal memory buffer
2018-09-29 09:02:00|   1.3|  0.0|INFORM|HTTPCaller_2(HTTPFactory): HTTP transfer summary - status code: 200, download size: '76 bytes', DNS lookup time: '0.016 seconds', total transfer time: '3.516 seconds', url: 'https://www.arcgis.com/sharing/rest/content/users/wbakker/items/241ea5282bd64303ab2876f97d82aa30/update'
2018-09-29 09:02:00|   1.3|  0.0|STATS |Storing feature(s) to FME feature store file `C:\Users\willy\AppData\Local\Temp\agol-metadata_090148\inspector.ffs'
2018-09-29 09:02:00|   1.4|  0.0|STATS |Creator_XML_Creator(CreationFactory): Created 1 features
2018-09-29 09:02:00|   1.4|  0.0|STATS |Creator_Cloner(TeeFactory): Cloned 1 input feature(s) into 1 output feature(s)
2018-09-29 09:02:00|   1.4|  0.0|STATS |Creator_CREATED Feature Counter -1 4(TeeFactory): Cloned 1 input feature(s) into 1 output feature(s)
2018-09-29 09:02:00|   1.4|  0.0|STATS |Creator_CREATED Brancher -1 4(BranchingFactory): Branched 1 input feature -- 1 feature routed to the target factory, and 0 features routed to the fallback factory.
2018-09-29 09:02:00|   1.4|  0.0|STATS |_CREATOR_BRANCH_TARGET(TeeFactory): Cloned 1 input feature(s) into 1 output feature(s)
2018-09-29 09:02:00|   1.4|  0.0|INFORM|HTTPCaller_<REJECTED> Feature Recorder -1 2147680259(RecorderFactory): Recorded 0 feature(s) to file `C:\Users\willy\AppData\Local\Temp\wb-cache-agol-metadata-B21072\Main_HTTPCaller -1 3 fo 1 _lt_REJECTED_gt_  0  223d821e472c0e7d098c651efd5edf6fe0f7a591.ffsupdating'
2018-09-29 09:02:00|   1.4|  0.0|STATS |HTTPCaller_Output Feature Counter -1 6(TeeFactory): Cloned 1 input feature(s) into 1 output feature(s)
2018-09-29 09:02:00|   1.4|  0.0|STATS |HTTPCaller_<REJECTED> Feature Counter -1 2147680259(TeeFactory): Cloned 0 input feature(s) into 0 output feature(s)
2018-09-29 09:02:00|   1.4|  0.0|STATS |HTTPCaller_<Rejected>(TeeFactory): Cloned 0 input feature(s) into 0 output feature(s)
2018-09-29 09:02:00|   1.4|  0.0|INFORM|JSONFlattener_<REJECTED> Feature Recorder -1 2147680261(RecorderFactory): Recorded 0 feature(s) to file `C:\Users\willy\AppData\Local\Temp\wb-cache-agol-metadata-B21072\Main_JSONFlattener -1 5 fo 1 _lt_REJECTED_gt_  0  17871673f6035aed65da891f8e9edef4c2f9bb70.ffsupdating'
2018-09-29 09:02:00|   1.4|  0.0|STATS |JSONFlattener_OUTPUT Feature Counter -1 8(TeeFactory): Cloned 1 input feature(s) into 1 output feature(s)
2018-09-29 09:02:00|   1.4|  0.0|STATS |JSONFlattener_<REJECTED> Feature Counter -1 2147680261(TeeFactory): Cloned 0 input feature(s) into 0 output feature(s)
2018-09-29 09:02:00|   1.4|  0.0|STATS |JSONFlattener_<Rejected>(TeeFactory): Cloned 0 input feature(s) into 0 output feature(s)
2018-09-29 09:02:00|   1.4|  0.0|STATS |AttributeKeeper(TeeFactory): Cloned 1 input feature(s) into 1 output feature(s)
2018-09-29 09:02:00|   1.4|  0.0|STATS |AttributeKeeper_OUTPUT Feature Counter -1 11(TeeFactory): Cloned 1 input feature(s) into 1 output feature(s)
2018-09-29 09:02:00|   1.4|  0.0|STATS |HTTPCaller_2_Output Feature Counter -1 14(TeeFactory): Cloned 1 input feature(s) into 1 output feature(s)
2018-09-29 09:02:00|   1.4|  0.0|STATS |HTTPCaller_2_<REJECTED> Feature Counter -1 17(TeeFactory): Cloned 0 input feature(s) into 0 output feature(s)
2018-09-29 09:02:00|   1.4|  0.0|INFORM|HTTPCaller_2__Rejected__Recorder(RecorderFactory): Recorded 0 feature(s) to file `C:\Users\willy\AppData\Local\Temp\agol-metadata_090148\inspector.ffs'
2018-09-29 09:02:00|   1.4|  0.0|STATS |Stored 1 feature(s) to FME feature store file `C:\Users\willy\AppData\Local\Temp\agol-metadata_090148\inspector.ffs'
2018-09-29 09:02:00|   1.4|  0.0|INFORM|Saving spatial index into file 'C:\Users\willy\AppData\Local\Temp\agol-metadata_090148\inspector.fsi'
2018-09-29 09:02:00|   1.4|  0.0|INFORM|Finished saving spatial index into file 'C:\Users\willy\AppData\Local\Temp\agol-metadata_090148\inspector.fsi'
2018-09-29 09:02:00|   1.4|  0.0|INFORM|HTTPCaller_2_Output_Recorder(RecorderFactory): Recorded 1 feature(s) to file `C:\Users\willy\AppData\Local\Temp\agol-metadata_090148\inspector.ffs'
2018-09-29 09:02:00|   1.4|  0.0|STATS |Destination Feature Type Routing Correlator(RoutingFactory): Tested 0 input feature(s), wrote 0 output feature(s): 0 matched merge filters, 0 were routed to output, 0 could not be routed.
2018-09-29 09:02:00|   1.4|  0.0|STATS |Final Output Nuker(TeeFactory): Cloned 0 input feature(s) into 0 output feature(s)
2018-09-29 09:02:00|   1.4|  0.0|STATS |VisualizerProcessor(CreationFactory): Created 1 features
2018-09-29 09:02:00|   1.4|  0.0|STATS |VisualizerCleaner(TeeFactory): Cloned 1 input feature(s) into 0 output feature(s)
2018-09-29 09:02:00|   1.4|  0.0|STATS |=-=-=-=-=-=-=-=-=-=-=-=-=-=-=-=-=-=-=-=-=-=-=-=-=-=-=-=-=-=-=-=-=-=-=-=-=-=-=-
2018-09-29 09:02:00|   1.4|  0.0|STATS |                            Features Read Summary
2018-09-29 09:02:00|   1.4|  0.0|STATS |=-=-=-=-=-=-=-=-=-=-=-=-=-=-=-=-=-=-=-=-=-=-=-=-=-=-=-=-=-=-=-=-=-=-=-=-=-=-=-
2018-09-29 09:02:00|   1.4|  0.0|STATS |==============================================================================
2018-09-29 09:02:00|   1.4|  0.0|STATS |Total Features Read                                                          0
2018-09-29 09:02:00|   1.4|  0.0|STATS |=-=-=-=-=-=-=-=-=-=-=-=-=-=-=-=-=-=-=-=-=-=-=-=-=-=-=-=-=-=-=-=-=-=-=-=-=-=-=-
2018-09-29 09:02:00|   1.4|  0.0|STATS |=-=-=-=-=-=-=-=-=-=-=-=-=-=-=-=-=-=-=-=-=-=-=-=-=-=-=-=-=-=-=-=-=-=-=-=-=-=-=-
2018-09-29 09:02:00|   1.4|  0.0|STATS |                           Features Written Summary
2018-09-29 09:02:00|   1.4|  0.0|STATS |=-=-=-=-=-=-=-=-=-=-=-=-=-=-=-=-=-=-=-=-=-=-=-=-=-=-=-=-=-=-=-=-=-=-=-=-=-=-=-
2018-09-29 09:02:00|   1.4|  0.0|STATS |==============================================================================
2018-09-29 09:02:00|   1.4|  0.0|STATS |Total Features Written                                                       0
2018-09-29 09:02:00|   1.4|  0.0|STATS |=-=-=-=-=-=-=-=-=-=-=-=-=-=-=-=-=-=-=-=-=-=-=-=-=-=-=-=-=-=-=-=-=-=-=-=-=-=-=-
2018-09-29 09:02:00|   1.4|  0.0|INFORM|Translation was SUCCESSFUL with 0 warning(s) (0 feature(s) output)
2018-09-29 09:02:00|   1.4|  0.0|INFORM|FME Session Duration: 13.1 seconds. (CPU: 0.2s user, 0.4s system)
2018-09-29 09:02:00|   1.4|  0.0|INFORM|END - ProcessID: 6720, peak process memory usage: 45980 kB, current process memory usage: 45764 kB
